<?xml version="1.0" encoding="UTF-8"?>
<!-- Generated by org.testng.reporters.JUnitXMLReporter -->
<testsuite ignored="0" hostname="INDM1-JSOORAJ" failures="1" tests="2" name="Default test" time="29.064" errors="0" timestamp="2023-01-27T15:16:52 IST">
  <testcase classname="io.cucumber.testng.AbstractTestNGCucumberTests" name="runScenario" time="9.075">
    <failure type="java.lang.NullPointerException" message="Cannot invoke &amp;quot;iisParamsPageobjects.HomePageObj.chargesLink()&amp;quot; because &amp;quot;this.iisParamHomePageObj&amp;quot; is null">
      <![CDATA[java.lang.NullPointerException: Cannot invoke "iisParamsPageobjects.HomePageObj.chargesLink()" because "this.iisParamHomePageObj" is null
at iisParamsStepdefinitions.ChargesMaintenance.navigate_to_charges_maintenance_screen(ChargesMaintenance.java:82)
at ✽.Navigate to charges maintenance screen(file:///D:/Workspace/IslamicInvest_Cucumber_Framework/src/test/java/iisParamsFeatures/ChargesTest.feature:11)
]]>
    </failure>
  </testcase> <!-- runScenario -->
  <testcase classname="io.cucumber.testng.AbstractTestNGCucumberTests" name="runScenario" time="19.583"/>
</testsuite> <!-- Default test -->
