<?xml version="1.0" encoding="UTF-8"?>
<testng-results ignored="0" total="2" passed="2" failed="0" skipped="0">
  <reporter-output>
  </reporter-output>
  <suite started-at="2023-07-21T17:23:57 IST" name="Default suite" finished-at="2023-07-21T17:24:43 IST" duration-ms="46095">
    <groups>
      <group name="cucumber">
        <method signature="AbstractTestNGCucumberTests.runScenario(io.cucumber.testng.PickleWrapper,io.cucumber.testng.FeatureWrapper)[pri:0, instance:Runner.TestApplication@645aa696]" name="runScenario" class="io.cucumber.testng.AbstractTestNGCucumberTests"/>
      </group> <!-- cucumber -->
    </groups>
    <test started-at="2023-07-21T17:23:57 IST" name="Default test" finished-at="2023-07-21T17:24:43 IST" duration-ms="46095">
      <class name="Runner.TestApplication">
        <test-method is-config="true" signature="beforeExecution()[pri:0, instance:Runner.TestApplication@645aa696]" started-at="2023-07-21T17:23:57 IST" name="beforeExecution" finished-at="2023-07-21T17:23:57 IST" duration-ms="6" status="PASS">
          <reporter-output>
          </reporter-output>
        </test-method> <!-- beforeExecution -->
        <test-method is-config="true" signature="setUpClass()[pri:0, instance:Runner.TestApplication@645aa696]" started-at="2023-07-21T17:23:57 IST" name="setUpClass" finished-at="2023-07-21T17:23:57 IST" duration-ms="565" status="PASS">
          <reporter-output>
          </reporter-output>
        </test-method> <!-- setUpClass -->
        <test-method signature="runScenario(io.cucumber.testng.PickleWrapper,io.cucumber.testng.FeatureWrapper)[pri:0, instance:Runner.TestApplication@645aa696]" started-at="2023-07-21T17:23:57 IST" name="runScenario" description="Runs Cucumber Scenarios" data-provider="scenarios" finished-at="2023-07-21T17:24:17 IST" duration-ms="20093" status="PASS">
          <params>
            <param index="0">
              <value>
                <![CDATA["CRUD testing For Charge Maintenance Screen"]]>
              </value>
            </param>
            <param index="1">
              <value>
                <![CDATA["Optional[IIS Parameters Module - Charges maintenance Screen]"]]>
              </value>
            </param>
          </params>
          <reporter-output>
          </reporter-output>
        </test-method> <!-- runScenario -->
        <test-method signature="runScenario(io.cucumber.testng.PickleWrapper,io.cucumber.testng.FeatureWrapper)[pri:0, instance:Runner.TestApplication@645aa696]" started-at="2023-07-21T17:24:17 IST" name="runScenario" description="Runs Cucumber Scenarios" data-provider="scenarios" finished-at="2023-07-21T17:24:38 IST" duration-ms="20490" status="PASS">
          <params>
            <param index="0">
              <value>
                <![CDATA["CRUD testing For Product Type  Maintenance Screen"]]>
              </value>
            </param>
            <param index="1">
              <value>
                <![CDATA["Optional[IIS Parameters Module -Product type Screen]"]]>
              </value>
            </param>
          </params>
          <reporter-output>
          </reporter-output>
        </test-method> <!-- runScenario -->
        <test-method is-config="true" signature="tearDownClass()[pri:0, instance:Runner.TestApplication@645aa696]" started-at="2023-07-21T17:24:38 IST" name="tearDownClass" finished-at="2023-07-21T17:24:43 IST" duration-ms="4913" status="PASS">
          <reporter-output>
          </reporter-output>
        </test-method> <!-- tearDownClass -->
        <test-method is-config="true" signature="afterExecution()[pri:0, instance:Runner.TestApplication@645aa696]" started-at="2023-07-21T17:24:43 IST" name="afterExecution" finished-at="2023-07-21T17:24:43 IST" duration-ms="94" status="PASS">
          <reporter-output>
          </reporter-output>
        </test-method> <!-- afterExecution -->
      </class> <!-- Runner.TestApplication -->
    </test> <!-- Default test -->
  </suite> <!-- Default suite -->
</testng-results>
