<?xml version="1.0" encoding="UTF-8"?>
<!-- Generated by org.testng.reporters.JUnitReportReporter -->
<testsuite hostname="INDM1-JSOORAJ" failures="0" tests="2" name="Runner.TestApplication" time="28.658" errors="1" timestamp="2023-01-27T15:16:52 IST" skipped="0">
  <testcase classname="Runner.TestApplication" name="runScenario" time="19.583"/>
  <system-out/>
  <testcase classname="Runner.TestApplication" name="runScenario" time="9.075">
    <error message="Cannot invoke &quot;iisParamsPageobjects.HomePageObj.chargesLink()&quot; because &quot;this.iisParamHomePageObj&quot; is null" type="java.lang.NullPointerException">
      <![CDATA[java.lang.NullPointerException: Cannot invoke "iisParamsPageobjects.HomePageObj.chargesLink()" because "this.iisParamHomePageObj" is null
at iisParamsStepdefinitions.ChargesMaintenance.navigate_to_charges_maintenance_screen(ChargesMaintenance.java:82)
at ✽.Navigate to charges maintenance screen(file:///D:/Workspace/IslamicInvest_Cucumber_Framework/src/test/java/iisParamsFeatures/ChargesTest.feature:11)
]]>
    </error>
  </testcase> <!-- runScenario -->
  <system-out/>
</testsuite> <!-- Runner.TestApplication -->
